# JRE version: Java(TM) SE Runtime Environment (7.0_80-b15) (build 1.7.0_80-b15)
# Java VM: Java HotSpot(TM) Server VM (24.80-b11 mixed mode linux-x86 )
Heap
 PSYoungGen      total 144640K, used 9458K [0xa34c0000, 0xacb40000, 0xb34c0000)
  eden space 135168K, 0% used [0xa34c0000,0xa34c0000,0xab8c0000)
  from space 9472K, 99% used [0xab8c0000,0xac1fc9b8,0xac200000)
  to   space 9472K, 0% used [0xac200000,0xac200000,0xacb40000)
 ParOldGen       total 43776K, used 21529K [0x834c0000, 0x85f80000, 0xa34c0000)
  object space 43776K, 49% used [0x834c0000,0x849c6610,0x85f80000)
 PSPermGen       total 32768K, used 17074K [0x734c0000, 0x754c0000, 0x834c0000)
  object space 32768K, 52% used [0x734c0000,0x7456c930,0x754c0000)
GC Heap History (10 events):
Event: 2.738 GC heap after
Heap after GC invocations=2 (full 0):
 PSYoungGen      total 36352K, used 2555K [0xa34c0000, 0xa5ac0000, 0xb34c0000)
  eden space 33792K, 0% used [0xa34c0000,0xa34c0000,0xa55c0000)
  from space 2560K, 99% used [0xa5840000,0xa5abec48,0xa5ac0000)
  to   space 2560K, 0% used [0xa55c0000,0xa55c0000,0xa5840000)
 ParOldGen       total 43776K, used 5889K [0x834c0000, 0x85f80000, 0xa34c0000)
  object space 43776K, 13% used [0x834c0000,0x83a80470,0x85f80000)
 PSPermGen       total 32768K, used 8826K [0x734c0000, 0x754c0000, 0x834c0000)
  object space 32768K, 26% used [0x734c0000,0x73d5ebd8,0x754c0000)
}
Event: 5.864 GC heap before
{Heap before GC invocations=3 (full 0):
 PSYoungGen      total 36352K, used 36347K [0xa34c0000, 0xa5ac0000, 0xb34c0000)
  eden space 33792K, 100% used [0xa34c0000,0xa55c0000,0xa55c0000)
  from space 2560K, 99% used [0xa5840000,0xa5abec48,0xa5ac0000)
  to   space 2560K, 0% used [0xa55c0000,0xa55c0000,0xa5840000)
 ParOldGen       total 43776K, used 5889K [0x834c0000, 0x85f80000, 0xa34c0000)
  object space 43776K, 13% used [0x834c0000,0x83a80470,0x85f80000)
 PSPermGen       total 32768K, used 12124K [0x734c0000, 0x754c0000, 0x834c0000)
  object space 32768K, 36% used [0x734c0000,0x74097088,0x754c0000)
Event: 5.895 GC heap after
Heap after GC invocations=3 (full 0):
 PSYoungGen      total 36352K, used 2546K [0xa34c0000, 0xa7bc0000, 0xb34c0000)
  eden space 33792K, 0% used [0xa34c0000,0xa34c0000,0xa55c0000)
  from space 2560K, 99% used [0xa55c0000,0xa583cb00,0xa5840000)
  to   space 2560K, 0% used [0xa7940000,0xa7940000,0xa7bc0000)
 ParOldGen       total 43776K, used 11765K [0x834c0000, 0x85f80000, 0xa34c0000)
  object space 43776K, 26% used [0x834c0000,0x8403d640,0x85f80000)
 PSPermGen       total 32768K, used 12124K [0x734c0000, 0x754c0000, 0x834c0000)
  object space 32768K, 36% used [0x734c0000,0x74097088,0x754c0000)
}
Event: 9.293 GC heap before
{Heap before GC invocations=4 (full 0):
 PSYoungGen      total 36352K, used 36338K [0xa34c0000, 0xa7bc0000, 0xb34c0000)
  eden space 33792K, 100% used [0xa34c0000,0xa55c0000,0xa55c0000)
  from space 2560K, 99% used [0xa55c0000,0xa583cb00,0xa5840000)
  to   space 2560K, 0% used [0xa7940000,0xa7940000,0xa7bc0000)
 ParOldGen       total 43776K, used 11765K [0x834c0000, 0x85f80000, 0xa34c0000)
  object space 43776K, 26% used [0x834c0000,0x8403d640,0x85f80000)
 PSPermGen       total 32768K, used 14270K [0x734c0000, 0x754c0000, 0x834c0000)
  object space 32768K, 43% used [0x734c0000,0x742afb00,0x754c0000)
Event: 9.329 GC heap after
Heap after GC invocations=4 (full 0):
 PSYoungGen      total 70144K, used 2552K [0xa34c0000, 0xa7bc0000, 0xb34c0000)
  eden space 67584K, 0% used [0xa34c0000,0xa34c0000,0xa76c0000)
  from space 2560K, 99% used [0xa7940000,0xa7bbe0e0,0xa7bc0000)
  to   space 2560K, 0% used [0xa76c0000,0xa76c0000,0xa7940000)
 ParOldGen       total 43776K, used 17017K [0x834c0000, 0x85f80000, 0xa34c0000)
  object space 43776K, 38% used [0x834c0000,0x8455e640,0x85f80000)
 PSPermGen       total 32768K, used 14270K [0x734c0000, 0x754c0000, 0x834c0000)
  object space 32768K, 43% used [0x734c0000,0x742afb00,0x754c0000)
}
Event: 19.811 GC heap before
{Heap before GC invocations=5 (full 0):
 PSYoungGen      total 70144K, used 70136K [0xa34c0000, 0xa7bc0000, 0xb34c0000)
  eden space 67584K, 100% used [0xa34c0000,0xa76c0000,0xa76c0000)
  from space 2560K, 99% used [0xa7940000,0xa7bbe0e0,0xa7bc0000)
  to   space 2560K, 0% used [0xa76c0000,0xa76c0000,0xa7940000)
 ParOldGen       total 43776K, used 17017K [0x834c0000, 0x85f80000, 0xa34c0000)
  object space 43776K, 38% used [0x834c0000,0x8455e640,0x85f80000)
 PSPermGen       total 32768K, used 14512K [0x734c0000, 0x754c0000, 0x834c0000)
  object space 32768K, 44% used [0x734c0000,0x742ec180,0x754c0000)
Event: 19.834 GC heap after
Heap after GC invocations=5 (full 0):
 PSYoungGen      total 70144K, used 2544K [0xa34c0000, 0xacb40000, 0xb34c0000)
  eden space 67584K, 0% used [0xa34c0000,0xa34c0000,0xa76c0000)
  from space 2560K, 99% used [0xa76c0000,0xa793c0d0,0xa7940000)
  to   space 9472K, 0% used [0xac200000,0xac200000,0xacb40000)
 ParOldGen       total 43776K, used 20271K [0x834c0000, 0x85f80000, 0xa34c0000)
  object space 43776K, 46% used [0x834c0000,0x8488be38,0x85f80000)
 PSPermGen       total 32768K, used 14512K [0x734c0000, 0x754c0000, 0x834c0000)
  object space 32768K, 44% used [0x734c0000,0x742ec180,0x754c0000)
}
Event: 21.616 GC heap before
{Heap before GC invocations=6 (full 0):
 PSYoungGen      total 70144K, used 70128K [0xa34c0000, 0xacb40000, 0xb34c0000)
  eden space 67584K, 100% used [0xa34c0000,0xa76c0000,0xa76c0000)
  from space 2560K, 99% used [0xa76c0000,0xa793c0d0,0xa7940000)
  to   space 9472K, 0% used [0xac200000,0xac200000,0xacb40000)
 ParOldGen       total 43776K, used 20271K [0x834c0000, 0x85f80000, 0xa34c0000)
  object space 43776K, 46% used [0x834c0000,0x8488be38,0x85f80000)
 PSPermGen       total 32768K, used 14580K [0x734c0000, 0x754c0000, 0x834c0000)
  object space 32768K, 44% used [0x734c0000,0x742fd380,0x754c0000)
Event: 21.654 GC heap after
Heap after GC invocations=6 (full 0):
 PSYoungGen      total 144640K, used 4706K [0xa34c0000, 0xacb40000, 0xb34c0000)
  eden space 135168K, 0% used [0xa34c0000,0xa34c0000,0xab8c0000)
  from space 9472K, 49% used [0xac200000,0xac698b20,0xacb40000)
  to   space 9472K, 0% used [0xab8c0000,0xab8c0000,0xac200000)
 ParOldGen       total 43776K, used 20271K [0x834c0000, 0x85f80000, 0xa34c0000)
  object space 43776K, 46% used [0x834c0000,0x8488be38,0x85f80000)
 PSPermGen       total 32768K, used 14580K [0x734c0000, 0x754c0000, 0x834c0000)
  object space 32768K, 44% used [0x734c0000,0x742fd380,0x754c0000)
}
Event: 29.049 GC heap before
{Heap before GC invocations=7 (full 0):
 PSYoungGen      total 144640K, used 139874K [0xa34c0000, 0xacb40000, 0xb34c0000)
  eden space 135168K, 100% used [0xa34c0000,0xab8c0000,0xab8c0000)
  from space 9472K, 49% used [0xac200000,0xac698b20,0xacb40000)
  to   space 9472K, 0% used [0xab8c0000,0xab8c0000,0xac200000)
 ParOldGen       total 43776K, used 20271K [0x834c0000, 0x85f80000, 0xa34c0000)
  object space 43776K, 46% used [0x834c0000,0x8488be38,0x85f80000)
 PSPermGen       total 32768K, used 17074K [0x734c0000, 0x754c0000, 0x834c0000)
  object space 32768K, 52% used [0x734c0000,0x7456c930,0x754c0000)

