# JRE version: Java(TM) SE Runtime Environment (7.0_80-b15) (build 1.7.0_80-b15)
# Java VM: Java HotSpot(TM) Server VM (24.80-b11 mixed mode linux-x86 )
Heap
 PSYoungGen      total 220672K, used 0K [0xa3540000, 0xb3380000, 0xb3540000)
  eden space 183552K, 0% used [0xa3540000,0xa3540000,0xae880000)
  from space 37120K, 0% used [0xb0f40000,0xb0f40000,0xb3380000)
  to   space 38400K, 0% used [0xae880000,0xae880000,0xb0e00000)
 ParOldGen       total 154368K, used 149186K [0x83540000, 0x8cc00000, 0xa3540000)
  object space 154368K, 96% used [0x83540000,0x8c6f0920,0x8cc00000)
 PSPermGen       total 72448K, used 55211K [0x73540000, 0x77c00000, 0x83540000)
  object space 72448K, 76% used [0x73540000,0x76b2aee8,0x77c00000)
GC Heap History (10 events):
Event: 37.322 GC heap after
Heap after GC invocations=43 (full 3):
 PSYoungGen      total 212480K, used 22333K [0xa3540000, 0xb3000000, 0xb3540000)
  eden space 173312K, 0% used [0xa3540000,0xa3540000,0xade80000)
  from space 39168K, 57% used [0xb09c0000,0xb1f8f6b0,0xb3000000)
  to   space 41728K, 0% used [0xade80000,0xade80000,0xb0740000)
 ParOldGen       total 154368K, used 110166K [0x83540000, 0x8cc00000, 0xa3540000)
  object space 154368K, 71% used [0x83540000,0x8a0d5a58,0x8cc00000)
 PSPermGen       total 72448K, used 50451K [0x73540000, 0x77c00000, 0x83540000)
  object space 72448K, 69% used [0x73540000,0x76684d00,0x77c00000)
}
Event: 37.945 GC heap before
{Heap before GC invocations=44 (full 3):
 PSYoungGen      total 212480K, used 195645K [0xa3540000, 0xb3000000, 0xb3540000)
  eden space 173312K, 100% used [0xa3540000,0xade80000,0xade80000)
  from space 39168K, 57% used [0xb09c0000,0xb1f8f6b0,0xb3000000)
  to   space 41728K, 0% used [0xade80000,0xade80000,0xb0740000)
 ParOldGen       total 154368K, used 110166K [0x83540000, 0x8cc00000, 0xa3540000)
  object space 154368K, 71% used [0x83540000,0x8a0d5a58,0x8cc00000)
 PSPermGen       total 72448K, used 51136K [0x73540000, 0x77c00000, 0x83540000)
  object space 72448K, 70% used [0x73540000,0x76730090,0x77c00000)
Event: 37.976 GC heap after
Heap after GC invocations=44 (full 3):
 PSYoungGen      total 215040K, used 22762K [0xa3540000, 0xb3540000, 0xb3540000)
  eden space 173312K, 0% used [0xa3540000,0xa3540000,0xade80000)
  from space 41728K, 54% used [0xade80000,0xaf4ba9b0,0xb0740000)
  to   space 40704K, 0% used [0xb0d80000,0xb0d80000,0xb3540000)
 ParOldGen       total 154368K, used 113141K [0x83540000, 0x8cc00000, 0xa3540000)
  object space 154368K, 73% used [0x83540000,0x8a3bd4c0,0x8cc00000)
 PSPermGen       total 72448K, used 51136K [0x73540000, 0x77c00000, 0x83540000)
  object space 72448K, 70% used [0x73540000,0x76730090,0x77c00000)
}
Event: 38.761 GC heap before
{Heap before GC invocations=45 (full 3):
 PSYoungGen      total 215040K, used 196074K [0xa3540000, 0xb3540000, 0xb3540000)
  eden space 173312K, 100% used [0xa3540000,0xade80000,0xade80000)
  from space 41728K, 54% used [0xade80000,0xaf4ba9b0,0xb0740000)
  to   space 40704K, 0% used [0xb0d80000,0xb0d80000,0xb3540000)
 ParOldGen       total 154368K, used 113141K [0x83540000, 0x8cc00000, 0xa3540000)
  object space 154368K, 73% used [0x83540000,0x8a3bd4c0,0x8cc00000)
 PSPermGen       total 72448K, used 51802K [0x73540000, 0x77c00000, 0x83540000)
  object space 72448K, 71% used [0x73540000,0x767d6908,0x77c00000)
Event: 38.792 GC heap after
Heap after GC invocations=45 (full 3):
 PSYoungGen      total 217344K, used 13997K [0xa3540000, 0xb3240000, 0xb3540000)
  eden space 179712K, 0% used [0xa3540000,0xa3540000,0xae4c0000)
  from space 37632K, 37% used [0xb0d80000,0xb1b2b598,0xb3240000)
  to   space 39680K, 0% used [0xae4c0000,0xae4c0000,0xb0b80000)
 ParOldGen       total 154368K, used 127208K [0x83540000, 0x8cc00000, 0xa3540000)
  object space 154368K, 82% used [0x83540000,0x8b17a178,0x8cc00000)
 PSPermGen       total 72448K, used 51802K [0x73540000, 0x77c00000, 0x83540000)
  object space 72448K, 71% used [0x73540000,0x767d6908,0x77c00000)
}
Event: 40.609 GC heap before
{Heap before GC invocations=46 (full 3):
 PSYoungGen      total 217344K, used 193709K [0xa3540000, 0xb3240000, 0xb3540000)
  eden space 179712K, 100% used [0xa3540000,0xae4c0000,0xae4c0000)
  from space 37632K, 37% used [0xb0d80000,0xb1b2b598,0xb3240000)
  to   space 39680K, 0% used [0xae4c0000,0xae4c0000,0xb0b80000)
 ParOldGen       total 154368K, used 127208K [0x83540000, 0x8cc00000, 0xa3540000)
  object space 154368K, 82% used [0x83540000,0x8b17a178,0x8cc00000)
 PSPermGen       total 72448K, used 54074K [0x73540000, 0x77c00000, 0x83540000)
  object space 72448K, 74% used [0x73540000,0x76a0e860,0x77c00000)
Event: 40.638 GC heap after
Heap after GC invocations=46 (full 3):
 PSYoungGen      total 219392K, used 12687K [0xa3540000, 0xb3540000, 0xb3540000)
  eden space 179712K, 0% used [0xa3540000,0xa3540000,0xae4c0000)
  from space 39680K, 31% used [0xae4c0000,0xaf123dd0,0xb0b80000)
  to   space 38912K, 0% used [0xb0f40000,0xb0f40000,0xb3540000)
 ParOldGen       total 154368K, used 135422K [0x83540000, 0x8cc00000, 0xa3540000)
  object space 154368K, 87% used [0x83540000,0x8b97faf0,0x8cc00000)
 PSPermGen       total 72448K, used 54074K [0x73540000, 0x77c00000, 0x83540000)
  object space 72448K, 74% used [0x73540000,0x76a0e860,0x77c00000)
}
Event: 42.397 GC heap before
{Heap before GC invocations=47 (full 3):
 PSYoungGen      total 219392K, used 186590K [0xa3540000, 0xb3540000, 0xb3540000)
  eden space 179712K, 96% used [0xa3540000,0xadf13aa8,0xae4c0000)
  from space 39680K, 31% used [0xae4c0000,0xaf123dd0,0xb0b80000)
  to   space 38912K, 0% used [0xb0f40000,0xb0f40000,0xb3540000)
 ParOldGen       total 154368K, used 135422K [0x83540000, 0x8cc00000, 0xa3540000)
  object space 154368K, 87% used [0x83540000,0x8b97faf0,0x8cc00000)
 PSPermGen       total 72448K, used 55213K [0x73540000, 0x77c00000, 0x83540000)
  object space 72448K, 76% used [0x73540000,0x76b2b728,0x77c00000)
Event: 42.414 GC heap after
Heap after GC invocations=47 (full 3):
 PSYoungGen      total 220672K, used 9956K [0xa3540000, 0xb3380000, 0xb3540000)
  eden space 183552K, 0% used [0xa3540000,0xa3540000,0xae880000)
  from space 37120K, 26% used [0xb0f40000,0xb18f9058,0xb3380000)
  to   space 38400K, 0% used [0xae880000,0xae880000,0xb0e00000)
 ParOldGen       total 154368K, used 140560K [0x83540000, 0x8cc00000, 0xa3540000)
  object space 154368K, 91% used [0x83540000,0x8be84390,0x8cc00000)
 PSPermGen       total 72448K, used 55213K [0x73540000, 0x77c00000, 0x83540000)
  object space 72448K, 76% used [0x73540000,0x76b2b728,0x77c00000)
}
Event: 42.414 GC heap before
{Heap before GC invocations=48 (full 4):
 PSYoungGen      total 220672K, used 9956K [0xa3540000, 0xb3380000, 0xb3540000)
  eden space 183552K, 0% used [0xa3540000,0xa3540000,0xae880000)
  from space 37120K, 26% used [0xb0f40000,0xb18f9058,0xb3380000)
  to   space 38400K, 0% used [0xae880000,0xae880000,0xb0e00000)
 ParOldGen       total 154368K, used 140560K [0x83540000, 0x8cc00000, 0xa3540000)
  object space 154368K, 91% used [0x83540000,0x8be84390,0x8cc00000)
 PSPermGen       total 72448K, used 55213K [0x73540000, 0x77c00000, 0x83540000)
  object space 72448K, 76% used [0x73540000,0x76b2b728,0x77c00000)

